
> frontend@0.1.0 lint
> vue-cli-service lint


/app/marzban_reseller_panel/frontend/src/components/admin/resellers/ResellerPanelAccessDialog.vue
  102:14  error  'err' is defined but never used  no-unused-vars

/app/marzban_reseller_panel/frontend/src/components/charts/BarChart.vue
  20:7  error  'props' is assigned a value but never used  no-unused-vars

/app/marzban_reseller_panel/frontend/src/components/charts/LineChart.vue
  21:7  error  'props' is assigned a value but never used  no-unused-vars

/app/marzban_reseller_panel/frontend/src/components/reseller/users/UserForm.vue
  225:30  error  '_planId' is defined but never used  no-unused-vars

/app/marzban_reseller_panel/frontend/src/components/reseller/wallet/TopUpRequestForm.vue
  50:7  error  'props' is assigned a value but never used  no-unused-vars

/app/marzban_reseller_panel/frontend/src/layouts/AdminLayout.vue
  51:20  error  'useRouter' is defined but never used  no-unused-vars

/app/marzban_reseller_panel/frontend/src/views/admin/AdminDashboard.vue
  100:10  error  'useAdminPaymentReceiptsStore' is defined but never used  no-unused-vars

/app/marzban_reseller_panel/frontend/src/views/admin/payment_receipts/PaymentReceiptList.vue
  126:25  error  '_tab' is defined but never used  no-unused-vars

/app/marzban_reseller_panel/frontend/src/views/admin/reports/AdminReportsView.vue
  105:31  error  '_tab' is defined but never used  no-unused-vars

/app/marzban_reseller_panel/frontend/src/views/admin/reseller_pricings/ResellerPricingManagement.vue
  155:33  error  '_resellerId' is defined but never used  no-unused-vars

/app/marzban_reseller_panel/frontend/src/views/reseller/ResellerDashboard.vue
  150:38  error  '_newBalance' is defined but never used  no-unused-vars

/app/marzban_reseller_panel/frontend/src/views/reseller/users/UserList.vue
  160:21  error  'ElMessageBox' is defined but never used  no-unused-vars

✖ 12 problems (12 errors, 0 warnings)
