Generated new MARZBAN_PANEL_FERNET_KEY: nzeXdfQSOhKtELOJXPRjM--OWil8WRBH9svVWLSA5kw=
IMPORTANT: Store this key securely, e.g., in your .env file for persistence.
Traceback (most recent call last):
  File "/home/swebot/.local/bin/uvicorn", line 8, in <module>
    sys.exit(main())
  File "/usr/local/lib/python3.10/dist-packages/click/core.py", line 1161, in __call__
    return self.main(*args, **kwargs)
  File "/usr/local/lib/python3.10/dist-packages/click/core.py", line 1082, in main
    rv = self.invoke(ctx)
  File "/usr/local/lib/python3.10/dist-packages/click/core.py", line 1443, in invoke
    return ctx.invoke(self.callback, **ctx.params)
  File "/usr/local/lib/python3.10/dist-packages/click/core.py", line 788, in invoke
    return __callback(*args, **kwargs)
  File "/home/swebot/.local/lib/python3.10/site-packages/uvicorn/main.py", line 413, in main
    run(
  File "/home/swebot/.local/lib/python3.10/site-packages/uvicorn/main.py", line 580, in run
    server.run()
  File "/home/swebot/.local/lib/python3.10/site-packages/uvicorn/server.py", line 66, in run
    return asyncio.run(self.serve(sockets=sockets))
  File "/usr/lib/python3.10/asyncio/runners.py", line 44, in run
    return loop.run_until_complete(main)
  File "uvloop/loop.pyx", line 1518, in uvloop.loop.Loop.run_until_complete
  File "/home/swebot/.local/lib/python3.10/site-packages/uvicorn/server.py", line 70, in serve
    await self._serve(sockets)
  File "/home/swebot/.local/lib/python3.10/site-packages/uvicorn/server.py", line 77, in _serve
    config.load()
  File "/home/swebot/.local/lib/python3.10/site-packages/uvicorn/config.py", line 435, in load
    self.loaded_app = import_from_string(self.app)
  File "/home/swebot/.local/lib/python3.10/site-packages/uvicorn/importer.py", line 19, in import_from_string
    module = importlib.import_module(module_str)
  File "/usr/lib/python3.10/importlib/__init__.py", line 126, in import_module
    return _bootstrap._gcd_import(name[level:], package, level)
  File "<frozen importlib._bootstrap>", line 1050, in _gcd_import
  File "<frozen importlib._bootstrap>", line 1027, in _find_and_load
  File "<frozen importlib._bootstrap>", line 1006, in _find_and_load_unlocked
  File "<frozen importlib._bootstrap>", line 688, in _load_unlocked
  File "<frozen importlib._bootstrap_external>", line 883, in exec_module
  File "<frozen importlib._bootstrap>", line 241, in _call_with_frames_removed
  File "/app/marzban_reseller_panel/frontend/main.py", line 17, in <module>
    from app.api.v1.endpoints import reseller_users
  File "/app/marzban_reseller_panel/frontend/app/api/v1/endpoints/reseller_users.py", line 54, in <module>
    user_update_request: ResellerMarzbanUserUpdateRequest, # Corrected schema import name
NameError: name 'ResellerMarzbanUserUpdateRequest' is not defined. Did you mean: 'ResellerMarzbanUserCreateRequest'?
