Starting Backend server on port 8001...
Backend PID: 21405. Waiting 15s...
Backend server started on port 8001.
Starting Frontend server...
Frontend PID: 21420. Waiting 90s...
Frontend server started.
Logging in as admin (port 8001)...
Admin token obtained.
Listing Marzban panels (expecting empty list)...
Response Status (List1): 200, Body: []
Initial list panels successful.
Creating new panel: Test Marzban Panel Port 8001...
Response Status (Create): 201, Body: {"name":"Test Marzban Panel Port 8001","api_url":"http://testmarzban-p8001.example.com:7879/","admin_username":"marz_admin_p8001","id":1,"created_at":"2025-06-06T19:01:04","updated_at":"2025-06-06T19:01:04"}
Panel created. ID: 1
Listing Marzban panels again...
Response Status (List2): 200, Body: [{"name":"Test Marzban Panel Port 8001","api_url":"http://testmarzban-p8001.example.com:7879/","admin_username":"marz_admin_p8001","id":1,"created_at":"2025-06-06T19:01:04","updated_at":"2025-06-06T19:01:04"}]
Second list panels successful.
Deleting panel ID: 1...
Response Status (Delete): 200
Panel deleted successfully.
Listing Marzban panels finally...
Response Status (List3): 200, Body: []
Final list panels successful.
Admin CRUD for Marzban Panels test (Port 8001) finished successfully.
