
> frontend@0.1.0 lint
> vue-cli-service lint


/app/marzban_reseller_panel/frontend/src/components/admin/marzban_panels/MarzbanPanelForm.vue
  55:19  error  'computed' is not defined  no-undef

/app/marzban_reseller_panel/frontend/src/components/admin/resellers/ResellerPanelAccessDialog.vue
   55:32  error  'onMounted' is defined but never used  no-unused-vars
  102:14  error  'err' is defined but never used        no-unused-vars

/app/marzban_reseller_panel/frontend/src/components/charts/BarChart.vue
  20:7  error  'props' is assigned a value but never used  no-unused-vars

/app/marzban_reseller_panel/frontend/src/components/charts/LineChart.vue
  21:7  error  'props' is assigned a value but never used  no-unused-vars

/app/marzban_reseller_panel/frontend/src/components/reseller/users/UserForm.vue
  225:30  error  'planId' is defined but never used  no-unused-vars

/app/marzban_reseller_panel/frontend/src/components/reseller/wallet/TopUpRequestForm.vue
  45:51  error  'computed' is defined but never used        no-unused-vars
  50:7   error  'props' is assigned a value but never used  no-unused-vars

/app/marzban_reseller_panel/frontend/src/layouts/AdminLayout.vue
  54:48   error  'Platform' is defined but never used         no-unused-vars
  54:58   error  'Avatar' is defined but never used           no-unused-vars
  54:66   error  'PriceTag' is defined but never used         no-unused-vars
  54:76   error  'Money' is defined but never used            no-unused-vars
  54:83   error  'DocumentChecked' is defined but never used  no-unused-vars
  54:100  error  'DataLine' is defined but never used         no-unused-vars
  54:110  error  'Refresh' is defined but never used          no-unused-vars
  57:7    error  'router' is assigned a value but never used  no-unused-vars

/app/marzban_reseller_panel/frontend/src/layouts/ResellerLayout.vue
  54:48  error  'WalletFilled' is defined but never used  no-unused-vars

/app/marzban_reseller_panel/frontend/src/services/auth.js
  2:10  error  'useRouter' is defined but never used  no-unused-vars

/app/marzban_reseller_panel/frontend/src/views/admin/AdminDashboard.vue
  113:7  error  'paymentReceiptsStore' is assigned a value but never used  no-unused-vars
  154:1  error  'watch' is not defined                                     no-undef

/app/marzban_reseller_panel/frontend/src/views/admin/marzban_panels/MarzbanPanelList.vue
  64:26  error  'computed' is defined but never used  no-unused-vars

/app/marzban_reseller_panel/frontend/src/views/admin/payment_receipts/PaymentReceiptList.vue
  126:25  error  'tab' is defined but never used  no-unused-vars

/app/marzban_reseller_panel/frontend/src/views/admin/reports/AdminReportsView.vue
   52:47  error  'watch' is defined but never used      no-unused-vars
   54:10  error  'ElMessage' is defined but never used  no-unused-vars
  105:31  error  'tab' is defined but never used        no-unused-vars

/app/marzban_reseller_panel/frontend/src/views/admin/reseller_pricings/ResellerPricingManagement.vue
  155:33  error  'resellerId' is defined but never used  no-unused-vars

/app/marzban_reseller_panel/frontend/src/views/admin/sync/AdminSyncView.vue
  102:26  error  'computed' is defined but never used  no-unused-vars

/app/marzban_reseller_panel/frontend/src/views/reseller/ResellerDashboard.vue
   95:7   error  'walletBalanceDisplay' is assigned a value but never used  no-unused-vars
  150:38  error  'newBalance' is defined but never used                     no-unused-vars

/app/marzban_reseller_panel/frontend/src/views/reseller/users/UserList.vue
  155:36  error  'computed' is defined but never used      no-unused-vars
  160:21  error  'ElMessageBox' is defined but never used  no-unused-vars

✖ 31 problems (31 errors, 0 warnings)
